"H:/Cretion Jeu/GJ/GGJARTFX2022/ItsTimeToRest/Content/Maps/Outline_BuiltData.uasset" 0
"H:/Cretion Jeu/GJ/GGJARTFX2022/ItsTimeToRest/Content/Maps/Outline_BuiltData.uexp" 1
"H:/Cretion Jeu/GJ/GGJARTFX2022/ItsTimeToRest/Content/Maps/Outline_BuiltData.ubulk" 2
"H:/Cretion Jeu/GJ/GGJARTFX2022/ItsTimeToRest/Content/BP_FB_Scale.uasset" 3
"H:/Cretion Jeu/GJ/GGJARTFX2022/ItsTimeToRest/Content/BP_FB_Scale.uexp" 4
"H:/Cretion Jeu/GJ/GGJARTFX2022/ItsTimeToRest/Content/StaticMehs/Chara_WIP_04_PhysicsAsset.uasset" 5
"H:/Cretion Jeu/GJ/GGJARTFX2022/ItsTimeToRest/Content/StaticMehs/Chara_WIP_04_PhysicsAsset.uexp" 6
"H:/Cretion Jeu/GJ/GGJARTFX2022/ItsTimeToRest/Content/StaticMehs/Group31658Mat.uasset" 7
"H:/Cretion Jeu/GJ/GGJARTFX2022/ItsTimeToRest/Content/StaticMehs/Group31658Mat.uexp" 8
"H:/Cretion Jeu/GJ/GGJARTFX2022/ItsTimeToRest/Content/StaticMehs/Chara_WIP_02_Skeleton.uasset" 9
"H:/Cretion Jeu/GJ/GGJARTFX2022/ItsTimeToRest/Content/StaticMehs/Chara_WIP_02_Skeleton.uexp" 10
"H:/Cretion Jeu/GJ/GGJARTFX2022/ItsTimeToRest/Content/StaticMehs/Chara_WIP_04.uasset" 11
"H:/Cretion Jeu/GJ/GGJARTFX2022/ItsTimeToRest/Content/StaticMehs/Chara_WIP_04.uexp" 12
"H:/Cretion Jeu/GJ/GGJARTFX2022/ItsTimeToRest/Content/StaticMehs/Chara/Texture/Chara_Roughness.uasset" 13
"H:/Cretion Jeu/GJ/GGJARTFX2022/ItsTimeToRest/Content/StaticMehs/Chara/Texture/Chara_Roughness.uexp" 14
"H:/Cretion Jeu/GJ/GGJARTFX2022/ItsTimeToRest/Content/StaticMehs/Chara/Texture/Chara_Roughness.ubulk" 15
"H:/Cretion Jeu/GJ/GGJARTFX2022/ItsTimeToRest/Content/StaticMehs/Chara/Texture/Chara_Normal_OpenGL.uasset" 16
"H:/Cretion Jeu/GJ/GGJARTFX2022/ItsTimeToRest/Content/StaticMehs/Chara/Texture/Chara_Normal_OpenGL.uexp" 17
"H:/Cretion Jeu/GJ/GGJARTFX2022/ItsTimeToRest/Content/StaticMehs/Chara/Texture/Chara_Normal_OpenGL.ubulk" 18
"H:/Cretion Jeu/GJ/GGJARTFX2022/ItsTimeToRest/Content/StaticMehs/Chara/Texture/Chara_Normal.uasset" 19
"H:/Cretion Jeu/GJ/GGJARTFX2022/ItsTimeToRest/Content/StaticMehs/Chara/Texture/Chara_Normal.uexp" 20
"H:/Cretion Jeu/GJ/GGJARTFX2022/ItsTimeToRest/Content/StaticMehs/Chara/Texture/Chara_Normal.ubulk" 21
"H:/Cretion Jeu/GJ/GGJARTFX2022/ItsTimeToRest/Content/StaticMehs/Chara/Texture/Chara_Mixed_AO.uasset" 22
"H:/Cretion Jeu/GJ/GGJARTFX2022/ItsTimeToRest/Content/StaticMehs/Chara/Texture/Chara_Mixed_AO.uexp" 23
"H:/Cretion Jeu/GJ/GGJARTFX2022/ItsTimeToRest/Content/StaticMehs/Chara/Texture/Chara_Mixed_AO.ubulk" 24
"H:/Cretion Jeu/GJ/GGJARTFX2022/ItsTimeToRest/Content/StaticMehs/Chara/Texture/Chara_Metallic.uasset" 25
"H:/Cretion Jeu/GJ/GGJARTFX2022/ItsTimeToRest/Content/StaticMehs/Chara/Texture/Chara_Metallic.uexp" 26
"H:/Cretion Jeu/GJ/GGJARTFX2022/ItsTimeToRest/Content/StaticMehs/Chara/Texture/Chara_Metallic.ubulk" 27
"H:/Cretion Jeu/GJ/GGJARTFX2022/ItsTimeToRest/Content/StaticMehs/Chara/Texture/Chara_Height.uasset" 28
"H:/Cretion Jeu/GJ/GGJARTFX2022/ItsTimeToRest/Content/StaticMehs/Chara/Texture/Chara_Height.uexp" 29
"H:/Cretion Jeu/GJ/GGJARTFX2022/ItsTimeToRest/Content/StaticMehs/Chara/Texture/Chara_Height.ubulk" 30
"H:/Cretion Jeu/GJ/GGJARTFX2022/ItsTimeToRest/Content/StaticMehs/Chara/Texture/Chara_albedo.uasset" 31
"H:/Cretion Jeu/GJ/GGJARTFX2022/ItsTimeToRest/Content/StaticMehs/Chara/Texture/Chara_albedo.uexp" 32
"H:/Cretion Jeu/GJ/GGJARTFX2022/ItsTimeToRest/Content/StaticMehs/Chara/Texture/Chara_albedo.ubulk" 33
"H:/Cretion Jeu/GJ/GGJARTFX2022/ItsTimeToRest/Content/StaticMehs/Chara/Texture/Mat_Chara.uasset" 34
"H:/Cretion Jeu/GJ/GGJARTFX2022/ItsTimeToRest/Content/StaticMehs/Chara/Texture/Mat_Chara.uexp" 35
"../../../Engine/Content/EditorBlueprintResources/StandardMacros.uasset" 36
"../../../Engine/Content/EditorBlueprintResources/StandardMacros.uexp" 37
"../../../Engine/Content/EngineMaterials/T_Default_Material_Grid_N.uasset" 38
"../../../Engine/Content/EngineMaterials/T_Default_Material_Grid_N.uexp" 39
"../../../Engine/Content/EngineMaterials/T_Default_Material_Grid_N.ubulk" 40
"../../../Engine/Content/EngineMaterials/T_Default_Material_Grid_M.uasset" 41
"../../../Engine/Content/EngineMaterials/T_Default_Material_Grid_M.uexp" 42
"../../../Engine/Content/EngineMaterials/T_Default_Material_Grid_M.ubulk" 43
"../../../Engine/Content/Functions/Engine_MaterialFunctions01/Opacity/CameraDepthFade.uasset" 44
"../../../Engine/Content/Functions/Engine_MaterialFunctions01/Opacity/CameraDepthFade.uexp" 45
"../../../Engine/Content/EngineMaterials/WorldGridMaterial.uasset" 46
"../../../Engine/Content/EngineMaterials/WorldGridMaterial.uexp" 47
"../../../Engine/Content/BasicShapes/Cube.uasset" 48
"../../../Engine/Content/BasicShapes/Cube.uexp" 49
"H:/Cretion Jeu/GJ/GGJARTFX2022/ItsTimeToRest/Content/BPI_Intractible.uasset" 50
"H:/Cretion Jeu/GJ/GGJARTFX2022/ItsTimeToRest/Content/BPI_Intractible.uexp" 51
"H:/Cretion Jeu/GJ/GGJARTFX2022/ItsTimeToRest/Content/Ressources/BP_P_Takable.uasset" 52
"H:/Cretion Jeu/GJ/GGJARTFX2022/ItsTimeToRest/Content/Ressources/BP_P_Takable.uexp" 53
"H:/Cretion Jeu/GJ/GGJARTFX2022/ItsTimeToRest/Content/GPE/BPI_Transformateur.uasset" 54
"H:/Cretion Jeu/GJ/GGJARTFX2022/ItsTimeToRest/Content/GPE/BPI_Transformateur.uexp" 55
"H:/Cretion Jeu/GJ/GGJARTFX2022/ItsTimeToRest/Content/StaticMehs/Mushroom_WIP_01.uasset" 56
"H:/Cretion Jeu/GJ/GGJARTFX2022/ItsTimeToRest/Content/StaticMehs/Mushroom_WIP_01.uexp" 57
"H:/Cretion Jeu/GJ/GGJARTFX2022/ItsTimeToRest/Content/Ressources/EnumFoodType.uasset" 58
"H:/Cretion Jeu/GJ/GGJARTFX2022/ItsTimeToRest/Content/Ressources/EnumFoodType.uexp" 59
"H:/Cretion Jeu/GJ/GGJARTFX2022/ItsTimeToRest/Content/Ressources/Enum_RessourceState.uasset" 60
"H:/Cretion Jeu/GJ/GGJARTFX2022/ItsTimeToRest/Content/Ressources/Enum_RessourceState.uexp" 61
"H:/Cretion Jeu/GJ/GGJARTFX2022/ItsTimeToRest/Content/StaticMehs/CutMushroom_WIP_01.uasset" 62
"H:/Cretion Jeu/GJ/GGJARTFX2022/ItsTimeToRest/Content/StaticMehs/CutMushroom_WIP_01.uexp" 63
"H:/Cretion Jeu/GJ/GGJARTFX2022/ItsTimeToRest/Content/StaticMehs/default.uasset" 64
"H:/Cretion Jeu/GJ/GGJARTFX2022/ItsTimeToRest/Content/StaticMehs/default.uexp" 65
"../../../Engine/Content/MapTemplates/Materials/BasicAsset01.uasset" 66
"../../../Engine/Content/MapTemplates/Materials/BasicAsset01.uexp" 67
"H:/Cretion Jeu/GJ/GGJARTFX2022/ItsTimeToRest/Content/Ressources/Bp_P_Spawner.uasset" 68
"H:/Cretion Jeu/GJ/GGJARTFX2022/ItsTimeToRest/Content/Ressources/Bp_P_Spawner.uexp" 69
"H:/Cretion Jeu/GJ/GGJARTFX2022/ItsTimeToRest/Content/Ressources/BP_P_Ressources.uasset" 70
"H:/Cretion Jeu/GJ/GGJARTFX2022/ItsTimeToRest/Content/Ressources/BP_P_Ressources.uexp" 71
"H:/Cretion Jeu/GJ/GGJARTFX2022/ItsTimeToRest/Content/player/CH_Player.uasset" 72
"H:/Cretion Jeu/GJ/GGJARTFX2022/ItsTimeToRest/Content/player/CH_Player.uexp" 73
"H:/Cretion Jeu/GJ/GGJARTFX2022/ItsTimeToRest/Content/player/ThirdPersonGameMode.uasset" 74
"H:/Cretion Jeu/GJ/GGJARTFX2022/ItsTimeToRest/Content/player/ThirdPersonGameMode.uexp" 75
"H:/Cretion Jeu/GJ/GGJARTFX2022/ItsTimeToRest/Content/StaticMehs/Chara_WIP_03_PhysicsAsset.uasset" 76
"H:/Cretion Jeu/GJ/GGJARTFX2022/ItsTimeToRest/Content/StaticMehs/Chara_WIP_03_PhysicsAsset.uexp" 77
"H:/Cretion Jeu/GJ/GGJARTFX2022/ItsTimeToRest/Content/StaticMehs/Chara_WIP_03.uasset" 78
"H:/Cretion Jeu/GJ/GGJARTFX2022/ItsTimeToRest/Content/StaticMehs/Chara_WIP_03.uexp" 79
"H:/Cretion Jeu/GJ/GGJARTFX2022/ItsTimeToRest/Content/SoundMusics/Bruitages/Cook.uasset" 80
"H:/Cretion Jeu/GJ/GGJARTFX2022/ItsTimeToRest/Content/SoundMusics/Bruitages/Cook.uexp" 81
"H:/Cretion Jeu/GJ/GGJARTFX2022/ItsTimeToRest/Content/SoundMusics/Bruitages/Cutting_on_board.uasset" 82
"H:/Cretion Jeu/GJ/GGJARTFX2022/ItsTimeToRest/Content/SoundMusics/Bruitages/Cutting_on_board.uexp" 83
"H:/Cretion Jeu/GJ/GGJARTFX2022/ItsTimeToRest/Content/SoundMusics/Bruitages/Fishing_rod.uasset" 84
"H:/Cretion Jeu/GJ/GGJARTFX2022/ItsTimeToRest/Content/SoundMusics/Bruitages/Fishing_rod.uexp" 85
"H:/Cretion Jeu/GJ/GGJARTFX2022/ItsTimeToRest/Content/SoundMusics/Bruitages/Fish_out.uasset" 86
"H:/Cretion Jeu/GJ/GGJARTFX2022/ItsTimeToRest/Content/SoundMusics/Bruitages/Fish_out.uexp" 87
"H:/Cretion Jeu/GJ/GGJARTFX2022/ItsTimeToRest/Content/SoundMusics/Bruitages/Put_plate.uasset" 88
"H:/Cretion Jeu/GJ/GGJARTFX2022/ItsTimeToRest/Content/SoundMusics/Bruitages/Put_plate.uexp" 89
"H:/Cretion Jeu/GJ/GGJARTFX2022/ItsTimeToRest/Content/StaticMehs/Well_WIP_03.uasset" 90
"H:/Cretion Jeu/GJ/GGJARTFX2022/ItsTimeToRest/Content/StaticMehs/Well_WIP_03.uexp" 91
"../../../Engine/Content/ArtTools/RenderToTexture/Meshes/S_1_Unit_Plane.uasset" 92
"../../../Engine/Content/ArtTools/RenderToTexture/Meshes/S_1_Unit_Plane.uexp" 93
"../../../Engine/Content/EngineMaterials/DefaultMaterial.uasset" 94
"../../../Engine/Content/EngineMaterials/DefaultMaterial.uexp" 95
"../../../Engine/Content/BasicShapes/Cone.uasset" 96
"../../../Engine/Content/BasicShapes/Cone.uexp" 97
"../../../Engine/Content/BasicShapes/Cylinder.uasset" 98
"../../../Engine/Content/BasicShapes/Cylinder.uexp" 99
"../../../Engine/Content/BasicShapes/Plane.uasset" 100
"../../../Engine/Content/BasicShapes/Plane.uexp" 101
"../../../Engine/Content/BasicShapes/Sphere.uasset" 102
"../../../Engine/Content/BasicShapes/Sphere.uexp" 103
"../../../Engine/Content/EditorLandscapeResources/DataLayer.uasset" 104
"../../../Engine/Content/EditorLandscapeResources/DataLayer.uexp" 105
"../../../Engine/Content/EditorLandscapeResources/DefaultAlphaTexture.uasset" 106
"../../../Engine/Content/EditorLandscapeResources/DefaultAlphaTexture.uexp" 107
"../../../Engine/Content/EditorMaterials/MAT_Groups_Toggle.uasset" 108
"../../../Engine/Content/EditorMaterials/MAT_Groups_Toggle.uexp" 109
"../../../Engine/Content/EditorMaterials/MAT_Groups_Visibility.uasset" 110
"../../../Engine/Content/EditorMaterials/MAT_Groups_Visibility.uexp" 111
"../../../Engine/Content/EditorMaterials/PreviewShadowIndicator.uasset" 112
"../../../Engine/Content/EditorMaterials/PreviewShadowIndicator.uexp" 113
"../../../Engine/Content/EditorMaterials/PreviewShadowIndicator.ubulk" 114
"../../../Engine/Content/EditorMaterials/PreviewShadowIndicatorMaterial.uasset" 115
"../../../Engine/Content/EditorMaterials/PreviewShadowIndicatorMaterial.uexp" 116
"../../../Engine/Content/EditorMaterials/MatineeGroups/MAT_ColorTrack.uasset" 117
"../../../Engine/Content/EditorMaterials/MatineeGroups/MAT_ColorTrack.uexp" 118
"../../../Engine/Content/EditorMaterials/MatineeGroups/MAT_Groups_Anim.uasset" 119
"../../../Engine/Content/EditorMaterials/MatineeGroups/MAT_Groups_Anim.uexp" 120
"../../../Engine/Content/EditorMaterials/MatineeGroups/MAT_Groups_AudioMaster.uasset" 121
"../../../Engine/Content/EditorMaterials/MatineeGroups/MAT_Groups_AudioMaster.uexp" 122
"../../../Engine/Content/EditorMaterials/MatineeGroups/MAT_Groups_Director.uasset" 123
"../../../Engine/Content/EditorMaterials/MatineeGroups/MAT_Groups_Director.uexp" 124
"../../../Engine/Content/EditorMaterials/MatineeGroups/MAT_Groups_Event.uasset" 125
"../../../Engine/Content/EditorMaterials/MatineeGroups/MAT_Groups_Event.uexp" 126
"../../../Engine/Content/EditorMaterials/MatineeGroups/MAT_Groups_Fade.uasset" 127
"../../../Engine/Content/EditorMaterials/MatineeGroups/MAT_Groups_Fade.uexp" 128
"../../../Engine/Content/EditorMaterials/MatineeGroups/MAT_Groups_Float.uasset" 129
"../../../Engine/Content/EditorMaterials/MatineeGroups/MAT_Groups_Float.uexp" 130
"../../../Engine/Content/EditorMaterials/MatineeGroups/MAT_Groups_Move.uasset" 131
"../../../Engine/Content/EditorMaterials/MatineeGroups/MAT_Groups_Move.uexp" 132
"../../../Engine/Content/EditorMaterials/MatineeGroups/MAT_Groups_Slomo.uasset" 133
"../../../Engine/Content/EditorMaterials/MatineeGroups/MAT_Groups_Slomo.uexp" 134
"../../../Engine/Content/EditorMaterials/MatineeGroups/MAT_Groups_Sound.uasset" 135
"../../../Engine/Content/EditorMaterials/MatineeGroups/MAT_Groups_Sound.uexp" 136
"../../../Engine/Content/EditorMaterials/MatineeGroups/MAT_Groups_Vector.uasset" 137
"../../../Engine/Content/EditorMaterials/MatineeGroups/MAT_Groups_Vector.uexp" 138
"../../../Engine/Content/EditorMaterials/ParticleSystems/PSysThumbnail_NoImage.uasset" 139
"../../../Engine/Content/EditorMaterials/ParticleSystems/PSysThumbnail_NoImage.uexp" 140
"../../../Engine/Content/EditorMaterials/ParticleSystems/PSysThumbnail_NoImage.ubulk" 141
"../../../Engine/Content/EditorMaterials/ParticleSystems/PSysThumbnail_OOD.uasset" 142
"../../../Engine/Content/EditorMaterials/ParticleSystems/PSysThumbnail_OOD.uexp" 143
"../../../Engine/Content/EditorMaterials/ParticleSystems/PSysThumbnail_OOD.ubulk" 144
"../../../Engine/Content/EditorMaterials/Camera/CineMat.uasset" 145
"../../../Engine/Content/EditorMaterials/Camera/CineMat.uexp" 146
"../../../Engine/Content/EditorMaterials/Camera/MI_CineMat_Rig.uasset" 147
"../../../Engine/Content/EditorMaterials/Camera/MI_CineMat_Rig.uexp" 148
"../../../Engine/Content/EditorMeshes/Camera/SM_CraneRig_Arm.uasset" 149
"../../../Engine/Content/EditorMeshes/Camera/SM_CraneRig_Arm.uexp" 150
"../../../Engine/Content/EditorMeshes/Camera/SM_CraneRig_Base.uasset" 151
"../../../Engine/Content/EditorMeshes/Camera/SM_CraneRig_Base.uexp" 152
"../../../Engine/Content/EditorMeshes/Camera/SM_CraneRig_Body.uasset" 153
"../../../Engine/Content/EditorMeshes/Camera/SM_CraneRig_Body.uexp" 154
"../../../Engine/Content/EditorMeshes/Camera/SM_CraneRig_Mount.uasset" 155
"../../../Engine/Content/EditorMeshes/Camera/SM_CraneRig_Mount.uexp" 156
"../../../Engine/Content/EditorMeshes/Camera/SM_RailRig_Mount.uasset" 157
"../../../Engine/Content/EditorMeshes/Camera/SM_RailRig_Mount.uexp" 158
"../../../Engine/Content/EditorMeshes/Camera/SM_RailRig_Track.uasset" 159
"../../../Engine/Content/EditorMeshes/Camera/SM_RailRig_Track.uexp" 160
"../../../Engine/Content/EditorResources/BSPVertex.uasset" 161
"../../../Engine/Content/EditorResources/BSPVertex.uexp" 162
"../../../Engine/Content/EditorResources/EmptyActor.uasset" 163
"../../../Engine/Content/EditorResources/EmptyActor.uexp" 164
"../../../Engine/Content/EditorResources/S_Actor.uasset" 165
"../../../Engine/Content/EditorResources/S_Actor.uexp" 166
"../../../Engine/Content/EditorResources/S_Actor.ubulk" 167
"../../../Engine/Content/EditorResources/S_Note.uasset" 168
"../../../Engine/Content/EditorResources/S_Note.uexp" 169
"../../../Engine/Content/EditorResources/S_Note.ubulk" 170
"../../../Engine/Content/EditorResources/S_Solver.uasset" 171
"../../../Engine/Content/EditorResources/S_Solver.uexp" 172
"../../../Engine/Content/EditorResources/S_Solver.ubulk" 173
"../../../Engine/Content/EditorResources/S_Terrain.uasset" 174
"../../../Engine/Content/EditorResources/S_Terrain.uexp" 175
"../../../Engine/Content/EditorResources/S_Terrain.ubulk" 176
"../../../Engine/Content/EditorResources/S_Trigger.uasset" 177
"../../../Engine/Content/EditorResources/S_Trigger.uexp" 178
"../../../Engine/Content/EditorResources/S_Trigger.ubulk" 179
"../../../Engine/Content/EditorResources/LightIcons/S_LightError.uasset" 180
"../../../Engine/Content/EditorResources/LightIcons/S_LightError.uexp" 181
"../../../Engine/Content/EditorResources/SequenceRecorder/Countdown.uasset" 182
"../../../Engine/Content/EditorResources/SequenceRecorder/Countdown.uexp" 183
"../../../Engine/Content/EditorResources/SequenceRecorder/RecordingIndicator.uasset" 184
"../../../Engine/Content/EditorResources/SequenceRecorder/RecordingIndicator.uexp" 185
"../../../Engine/Content/EngineDamageTypes/DmgTypeBP_Environmental.uasset" 186
"../../../Engine/Content/EngineDamageTypes/DmgTypeBP_Environmental.uexp" 187
"../../../Engine/Content/EngineDebugMaterials/DebugEditorMaterial.uasset" 188
"../../../Engine/Content/EngineDebugMaterials/DebugEditorMaterial.uexp" 189
"../../../Engine/Content/EngineDebugMaterials/DebugMeshMaterial.uasset" 190
"../../../Engine/Content/EngineDebugMaterials/DebugMeshMaterial.uexp" 191
"../../../Engine/Content/EngineDebugMaterials/M_SimpleUnlitTranslucent.uasset" 192
"../../../Engine/Content/EngineDebugMaterials/M_SimpleUnlitTranslucent.uexp" 193
"../../../Engine/Content/Functions/Engine_MaterialFunctions02/Utility/CameraDirectionVector.uasset" 194
"../../../Engine/Content/Functions/Engine_MaterialFunctions02/Utility/CameraDirectionVector.uexp" 195
"../../../Engine/Content/EngineDebugMaterials/VolumeToRender.uasset" 196
"../../../Engine/Content/EngineDebugMaterials/VolumeToRender.uexp" 197
"../../../Engine/Content/EngineDebugMaterials/M_VolumeRenderSphereTracePP.uasset" 198
"../../../Engine/Content/EngineDebugMaterials/M_VolumeRenderSphereTracePP.uexp" 199
"../../../Engine/Content/EngineFonts/Faces/RobotoRegular.uasset" 200
"../../../Engine/Content/EngineFonts/Faces/RobotoRegular.uexp" 201
"../../../Engine/Content/EngineFonts/Faces/RobotoRegular.ufont" 202
"../../../Engine/Content/EngineFonts/Faces/RobotoLight.uasset" 203
"../../../Engine/Content/EngineFonts/Faces/RobotoLight.uexp" 204
"../../../Engine/Content/EngineFonts/Faces/RobotoLight.ufont" 205
"../../../Engine/Content/EngineFonts/Faces/RobotoItalic.uasset" 206
"../../../Engine/Content/EngineFonts/Faces/RobotoItalic.uexp" 207
"../../../Engine/Content/EngineFonts/Faces/RobotoItalic.ufont" 208
"../../../Engine/Content/EngineFonts/Faces/RobotoBoldItalic.uasset" 209
"../../../Engine/Content/EngineFonts/Faces/RobotoBoldItalic.uexp" 210
"../../../Engine/Content/EngineFonts/Faces/RobotoBoldItalic.ufont" 211
"../../../Engine/Content/EngineFonts/Faces/RobotoBold.uasset" 212
"../../../Engine/Content/EngineFonts/Faces/RobotoBold.uexp" 213
"../../../Engine/Content/EngineFonts/Faces/RobotoBold.ufont" 214
"../../../Engine/Content/EngineFonts/Faces/DroidSansFallback.uasset" 215
"../../../Engine/Content/EngineFonts/Faces/DroidSansFallback.uexp" 216
"../../../Engine/Content/EngineFonts/Faces/DroidSansFallback.ufont" 217
"../../../Engine/Content/EngineFonts/Roboto.uasset" 218
"../../../Engine/Content/EngineFonts/Roboto.uexp" 219
"../../../Engine/Content/EngineMaterials/BaseFlattenNormalMap.uasset" 220
"../../../Engine/Content/EngineMaterials/BaseFlattenNormalMap.uexp" 221
"../../../Engine/Content/EngineMaterials/BaseFlattenGrayscaleMap.uasset" 222
"../../../Engine/Content/EngineMaterials/BaseFlattenGrayscaleMap.uexp" 223
"../../../Engine/Content/EngineMaterials/BaseFlattenEmissiveMap.uasset" 224
"../../../Engine/Content/EngineMaterials/BaseFlattenEmissiveMap.uexp" 225
"../../../Engine/Content/EngineMaterials/BaseFlattenDiffuseMap.uasset" 226
"../../../Engine/Content/EngineMaterials/BaseFlattenDiffuseMap.uexp" 227
"../../../Engine/Content/EngineMaterials/BaseFlattenMaterial.uasset" 228
"../../../Engine/Content/EngineMaterials/BaseFlattenMaterial.uexp" 229
"../../../Engine/Content/EngineMaterials/BlueNoise.uasset" 230
"../../../Engine/Content/EngineMaterials/BlueNoise.uexp" 231
"../../../Engine/Content/EngineMaterials/DefaultBloomKernel.uasset" 232
"../../../Engine/Content/EngineMaterials/DefaultBloomKernel.uexp" 233
"../../../Engine/Content/EngineMaterials/DefaultBokeh.uasset" 234
"../../../Engine/Content/EngineMaterials/DefaultBokeh.uexp" 235
"../../../Engine/Content/EngineMaterials/DefaultDiffuse.uasset" 236
"../../../Engine/Content/EngineMaterials/DefaultDiffuse.uexp" 237
"../../../Engine/Content/EngineMaterials/DefaultDiffuse.ubulk" 238
"../../../Engine/Content/EngineMaterials/DefaultDeferredDecalMaterial.uasset" 239
"../../../Engine/Content/EngineMaterials/DefaultDeferredDecalMaterial.uexp" 240
"../../../Engine/Content/EngineMaterials/DefaultLightFunctionMaterial.uasset" 241
"../../../Engine/Content/EngineMaterials/DefaultLightFunctionMaterial.uexp" 242
"../../../Engine/Content/EngineMaterials/DefaultPhysicalMaterial.uasset" 243
"../../../Engine/Content/EngineMaterials/DefaultPhysicalMaterial.uexp" 244
"../../../Engine/Content/Functions/Engine_MaterialFunctions02/Utility/BreakOutFloat2Components.uasset" 245
"../../../Engine/Content/Functions/Engine_MaterialFunctions02/Utility/BreakOutFloat2Components.uexp" 246
"../../../Engine/Content/EngineMaterials/DefaultPostProcessMaterial.uasset" 247
"../../../Engine/Content/EngineMaterials/DefaultPostProcessMaterial.uexp" 248
"../../../Engine/Content/EngineFonts/RobotoDistanceField.uasset" 249
"../../../Engine/Content/EngineFonts/RobotoDistanceField.uexp" 250
"../../../Engine/Content/EngineMaterials/DefaultTextMaterialOpaque.uasset" 251
"../../../Engine/Content/EngineMaterials/DefaultTextMaterialOpaque.uexp" 252
"../../../Engine/Content/EngineMaterials/DefaultWhiteGrid.uasset" 253
"../../../Engine/Content/EngineMaterials/DefaultWhiteGrid.uexp" 254
"../../../Engine/Content/EngineMaterials/DefaultWhiteGrid.ubulk" 255
"../../../Engine/Content/EngineMaterials/DefaultWhiteGrid_Low.uasset" 256
"../../../Engine/Content/EngineMaterials/DefaultWhiteGrid_Low.uexp" 257
"../../../Engine/Content/EngineMaterials/EmissiveMeshMaterial.uasset" 258
"../../../Engine/Content/EngineMaterials/EmissiveMeshMaterial.uexp" 259
"../../../Engine/Content/EngineMaterials/GizmoMaterial.uasset" 260
"../../../Engine/Content/EngineMaterials/GizmoMaterial.uexp" 261
"../../../Engine/Content/EngineMaterials/Good64x64TilingNoiseHighFreq.uasset" 262
"../../../Engine/Content/EngineMaterials/Good64x64TilingNoiseHighFreq.uexp" 263
"../../../Engine/Content/EngineMaterials/MiniFont.uasset" 264
"../../../Engine/Content/EngineMaterials/MiniFont.uexp" 265
"../../../Engine/Content/EngineMaterials/InvalidLightmapSettings.uasset" 266
"../../../Engine/Content/EngineMaterials/InvalidLightmapSettings.uexp" 267
"../../../Engine/Content/EngineMaterials/InvalidLightmapSettings.ubulk" 268
"../../../Engine/Content/EngineMaterials/M_InvalidLightmapSettings.uasset" 269
"../../../Engine/Content/EngineMaterials/M_InvalidLightmapSettings.uexp" 270
"../../../Engine/Content/Functions/Engine_MaterialFunctions02/WorldPositionOffset/CameraOffset.uasset" 271
"../../../Engine/Content/Functions/Engine_MaterialFunctions02/WorldPositionOffset/CameraOffset.uexp" 272
"../../../Engine/Content/EngineMaterials/PhAT_JointLimitMaterial.uasset" 273
"../../../Engine/Content/EngineMaterials/PhAT_JointLimitMaterial.uexp" 274
"../../../Engine/Content/EngineMaterials/DefaultCalibrationColor.uasset" 275
"../../../Engine/Content/EngineMaterials/DefaultCalibrationColor.uexp" 276
"../../../Engine/Content/EngineMaterials/PPM_DefaultCalibrationColor.uasset" 277
"../../../Engine/Content/EngineMaterials/PPM_DefaultCalibrationColor.uexp" 278
"../../../Engine/Content/EngineMaterials/DefaultCalibrationGrayscale.uasset" 279
"../../../Engine/Content/EngineMaterials/DefaultCalibrationGrayscale.uexp" 280
"../../../Engine/Content/EngineMaterials/PPM_DefaultCalibrationGrayscale.uasset" 281
"../../../Engine/Content/EngineMaterials/PPM_DefaultCalibrationGrayscale.uexp" 282
"../../../Engine/Content/EngineMaterials/PreintegratedSkinBRDF.uasset" 283
"../../../Engine/Content/EngineMaterials/PreintegratedSkinBRDF.uexp" 284
"../../../Engine/Content/EngineMaterials/RemoveSurfaceMaterial.uasset" 285
"../../../Engine/Content/EngineMaterials/RemoveSurfaceMaterial.uexp" 286
"../../../Engine/Content/EngineMaterials/WeightMapPlaceholderTexture.uasset" 287
"../../../Engine/Content/EngineMaterials/WeightMapPlaceholderTexture.uexp" 288
"../../../Engine/Content/EngineResources/WhiteSquareTexture.uasset" 289
"../../../Engine/Content/EngineResources/WhiteSquareTexture.uexp" 290
"../../../Engine/Content/EngineMaterials/Widget3DPassThrough.uasset" 291
"../../../Engine/Content/EngineMaterials/Widget3DPassThrough.uexp" 292
"../../../Engine/Content/EngineMaterials/Widget3DPassThrough_Masked.uasset" 293
"../../../Engine/Content/EngineMaterials/Widget3DPassThrough_Masked.uexp" 294
"../../../Engine/Content/EngineMaterials/Widget3DPassThrough_Opaque.uasset" 295
"../../../Engine/Content/EngineMaterials/Widget3DPassThrough_Opaque.uexp" 296
"../../../Engine/Content/EngineMaterials/Widget3DPassThrough_Masked_OneSided.uasset" 297
"../../../Engine/Content/EngineMaterials/Widget3DPassThrough_Masked_OneSided.uexp" 298
"../../../Engine/Content/EngineMaterials/Widget3DPassThrough_Opaque_OneSided.uasset" 299
"../../../Engine/Content/EngineMaterials/Widget3DPassThrough_Opaque_OneSided.uexp" 300
"../../../Engine/Content/EngineMaterials/Widget3DPassThrough_Translucent.uasset" 301
"../../../Engine/Content/EngineMaterials/Widget3DPassThrough_Translucent.uexp" 302
"../../../Engine/Content/EngineMaterials/Widget3DPassThrough_Translucent_OneSided.uasset" 303
"../../../Engine/Content/EngineMaterials/Widget3DPassThrough_Translucent_OneSided.uexp" 304
"../../../Engine/Content/EngineMeshes/Cube.uasset" 305
"../../../Engine/Content/EngineMeshes/Cube.uexp" 306
"../../../Engine/Content/EngineMeshes/Cylinder.uasset" 307
"../../../Engine/Content/EngineMeshes/Cylinder.uexp" 308
"../../../Engine/Content/EngineMeshes/Sphere.uasset" 309
"../../../Engine/Content/EngineMeshes/Sphere.uexp" 310
"../../../Engine/Content/EngineResources/Black.uasset" 311
"../../../Engine/Content/EngineResources/Black.uexp" 312
"../../../Engine/Content/EngineResources/DefaultTexture.uasset" 313
"../../../Engine/Content/EngineResources/DefaultTexture.uexp" 314
"../../../Engine/Content/EngineResources/DefaultTexture.ubulk" 315
"../../../Engine/Content/EngineResources/DefaultTextureCube.uasset" 316
"../../../Engine/Content/EngineResources/DefaultTextureCube.uexp" 317
"../../../Engine/Content/EngineResources/DefaultVolumeTexture2D.uasset" 318
"../../../Engine/Content/EngineResources/DefaultVolumeTexture2D.uexp" 319
"../../../Engine/Content/EngineResources/DefaultVolumeTexture.uasset" 320
"../../../Engine/Content/EngineResources/DefaultVolumeTexture.uexp" 321
"../../../Engine/Content/EngineResources/GradientTexture0.uasset" 322
"../../../Engine/Content/EngineResources/GradientTexture0.uexp" 323
"../../../Engine/Content/EngineSky/VolumetricClouds/T_NoiseShape64.uasset" 324
"../../../Engine/Content/EngineSky/VolumetricClouds/T_NoiseShape64.uexp" 325
"../../../Engine/Content/EngineSky/VolumetricClouds/T_NoiseShape64.ubulk" 326
"../../../Engine/Content/EngineSky/VolumetricClouds/T_VolumeNoiseShape64.uasset" 327
"../../../Engine/Content/EngineSky/VolumetricClouds/T_VolumeNoiseShape64.uexp" 328
"../../../Engine/Content/EngineSky/VolumetricClouds/T_NoiseErosion.uasset" 329
"../../../Engine/Content/EngineSky/VolumetricClouds/T_NoiseErosion.uexp" 330
"../../../Engine/Content/EngineSky/VolumetricClouds/T_NoiseErosion.ubulk" 331
"../../../Engine/Content/EngineSky/VolumetricClouds/T_VolumeNoiseErosion32.uasset" 332
"../../../Engine/Content/EngineSky/VolumetricClouds/T_VolumeNoiseErosion32.uexp" 333
"../../../Engine/Content/Functions/Engine_MaterialFunctions02/Utility/MakeFloat2.uasset" 334
"../../../Engine/Content/Functions/Engine_MaterialFunctions02/Utility/MakeFloat2.uexp" 335
"../../../Engine/Content/EngineSky/VolumetricClouds/CloudWeatherTexture.uasset" 336
"../../../Engine/Content/EngineSky/VolumetricClouds/CloudWeatherTexture.uexp" 337
"../../../Engine/Content/EngineSky/VolumetricClouds/CloudGradientTexture.uasset" 338
"../../../Engine/Content/EngineSky/VolumetricClouds/CloudGradientTexture.uexp" 339
"../../../Engine/Content/EngineSky/VolumetricClouds/m_SimpleVolumetricCloud.uasset" 340
"../../../Engine/Content/EngineSky/VolumetricClouds/m_SimpleVolumetricCloud.uexp" 341
"../../../Engine/Content/EngineSky/VolumetricClouds/m_SimpleVolumetricCloud_Inst.uasset" 342
"../../../Engine/Content/EngineSky/VolumetricClouds/m_SimpleVolumetricCloud_Inst.uexp" 343
"../../../Engine/Content/EngineSounds/Master.uasset" 344
"../../../Engine/Content/EngineSounds/Master.uexp" 345
"../../../Engine/Content/Functions/Engine_MaterialFunctions01/Shading/PowerToRoughness.uasset" 346
"../../../Engine/Content/Functions/Engine_MaterialFunctions01/Shading/PowerToRoughness.uexp" 347
"../../../Engine/Content/Maps/Templates/Thumbnails/Default.uasset" 348
"../../../Engine/Content/Maps/Templates/Thumbnails/Default.uexp" 349
"../../../Engine/Content/Maps/Templates/Thumbnails/TimeOfDay.uasset" 350
"../../../Engine/Content/Maps/Templates/Thumbnails/TimeOfDay.uexp" 351
"../../../Engine/Content/Maps/Templates/Thumbnails/VR-Basic.uasset" 352
"../../../Engine/Content/Maps/Templates/Thumbnails/VR-Basic.uexp" 353
"../../../Engine/Content/MobileResources/T_MobileControls_texture.uasset" 354
"../../../Engine/Content/MobileResources/T_MobileControls_texture.uexp" 355
"../../../Engine/Content/MobileResources/T_MobileMenu2.uasset" 356
"../../../Engine/Content/MobileResources/T_MobileMenu2.uexp" 357
"../../../Engine/Content/MobileResources/HUD/AnalogHat.uasset" 358
"../../../Engine/Content/MobileResources/HUD/AnalogHat.uexp" 359
"../../../Engine/Content/MobileResources/HUD/VirtualJoystick_Thumb.uasset" 360
"../../../Engine/Content/MobileResources/HUD/VirtualJoystick_Thumb.uexp" 361
"../../../Engine/Content/MobileResources/HUD/VirtualJoystick_Background.uasset" 362
"../../../Engine/Content/MobileResources/HUD/VirtualJoystick_Background.uexp" 363
"../../../Engine/Content/MobileResources/HUD/DefaultVirtualJoysticks.uasset" 364
"../../../Engine/Content/MobileResources/HUD/DefaultVirtualJoysticks.uexp" 365
"../../../Engine/Content/MobileResources/HUD/LeftVirtualJoystickOnly.uasset" 366
"../../../Engine/Content/MobileResources/HUD/LeftVirtualJoystickOnly.uexp" 367
"../../../Engine/Content/MobileResources/HUD/MobileHUDButton1_off.uasset" 368
"../../../Engine/Content/MobileResources/HUD/MobileHUDButton1_off.uexp" 369
"../../../Engine/Content/MobileResources/HUD/MobileHUDButton1_on.uasset" 370
"../../../Engine/Content/MobileResources/HUD/MobileHUDButton1_on.uexp" 371
"../../../Engine/Content/MobileResources/HUD/MobileHUDButton2_off.uasset" 372
"../../../Engine/Content/MobileResources/HUD/MobileHUDButton2_off.uexp" 373
"../../../Engine/Content/MobileResources/HUD/MobileHUDButton2_on.uasset" 374
"../../../Engine/Content/MobileResources/HUD/MobileHUDButton2_on.uexp" 375
"../../../Engine/Content/MobileResources/HUD/MobileHUDButton3.uasset" 376
"../../../Engine/Content/MobileResources/HUD/MobileHUDButton3.uexp" 377
"../../../Engine/Content/MobileResources/HUD/MobileHUDButtonFire.uasset" 378
"../../../Engine/Content/MobileResources/HUD/MobileHUDButtonFire.uexp" 379
"../../../Engine/Content/MobileResources/HUD/MobileHUDDirectionPad.uasset" 380
"../../../Engine/Content/MobileResources/HUD/MobileHUDDirectionPad.uexp" 381
"../../../Engine/Content/MobileResources/HUD/MobileHUDDirectionPad2.uasset" 382
"../../../Engine/Content/MobileResources/HUD/MobileHUDDirectionPad2.uexp" 383
"../../../Engine/Content/MobileResources/HUD/MobileHUDDirectionPad3.uasset" 384
"../../../Engine/Content/MobileResources/HUD/MobileHUDDirectionPad3.uexp" 385
"../../../Engine/Content/MobileResources/HUD/MobileHUDDirectionStick.uasset" 386
"../../../Engine/Content/MobileResources/HUD/MobileHUDDirectionStick.uexp" 387
"../../../Engine/Content/MobileResources/HUD/T_Castle_ThumbstickInner.uasset" 388
"../../../Engine/Content/MobileResources/HUD/T_Castle_ThumbstickInner.uexp" 389
"../../../Engine/Content/MobileResources/HUD/T_Castle_ThumbstickOutter.uasset" 390
"../../../Engine/Content/MobileResources/HUD/T_Castle_ThumbstickOutter.uexp" 391
"../../../Engine/Content/Tutorial/ContentIntroCurve.uasset" 392
"../../../Engine/Content/Tutorial/ContentIntroCurve.uexp" 393
"../../../Engine/Content/Tutorial/Basics/TutorialAssets/icon_tab_Levels_40x.uasset" 394
"../../../Engine/Content/Tutorial/Basics/TutorialAssets/icon_tab_Levels_40x.uexp" 395
"../../../Engine/Content/Tutorial/BlueprintTutorials/TutorialAssets/Blueprint_64x.uasset" 396
"../../../Engine/Content/Tutorial/BlueprintTutorials/TutorialAssets/Blueprint_64x.uexp" 397
"../../../Engine/Content/Tutorial/SubEditors/TutorialAssets/TutorialMaterial.uasset" 398
"../../../Engine/Content/Tutorial/SubEditors/TutorialAssets/TutorialMaterial.uexp" 399
"../../../Engine/Content/VREditor/TransformGizmo/TranslucentTransformGizmoMaterial.uasset" 400
"../../../Engine/Content/VREditor/TransformGizmo/TranslucentTransformGizmoMaterial.uexp" 401
"../../../Engine/Content/VREditor/LaserPointer/VR_LaserPower_01.uasset" 402
"../../../Engine/Content/VREditor/LaserPointer/VR_LaserPower_01.uexp" 403
"../../../Engine/Content/VREditor/LaserPointer/VR_LaserPower_01.ubulk" 404
"../../../Engine/Content/VREditor/TransformGizmo/TransformGizmoMaterial.uasset" 405
"../../../Engine/Content/VREditor/TransformGizmo/TransformGizmoMaterial.uexp" 406
"../../../Engine/Content/VREditor/TransformGizmo/BoundingBoxCorner.uasset" 407
"../../../Engine/Content/VREditor/TransformGizmo/BoundingBoxCorner.uexp" 408
"../../../Engine/Content/VREditor/TransformGizmo/BoundingBoxEdge.uasset" 409
"../../../Engine/Content/VREditor/TransformGizmo/BoundingBoxEdge.uexp" 410
"../../../Engine/Content/VREditor/TransformGizmo/PlaneTranslationHandle.uasset" 411
"../../../Engine/Content/VREditor/TransformGizmo/PlaneTranslationHandle.uexp" 412
"../../../Engine/Content/VREditor/TransformGizmo/Xray.uasset" 413
"../../../Engine/Content/VREditor/TransformGizmo/Xray.uexp" 414
"../../../Engine/Content/VREditor/TransformGizmo/Main.uasset" 415
"../../../Engine/Content/VREditor/TransformGizmo/Main.uexp" 416
"../../../Engine/Content/VREditor/TransformGizmo/SM_Sequencer_Key.uasset" 417
"../../../Engine/Content/VREditor/TransformGizmo/SM_Sequencer_Key.uexp" 418
"../../../Engine/Content/VREditor/TransformGizmo/SM_Sequencer_Node.uasset" 419
"../../../Engine/Content/VREditor/TransformGizmo/SM_Sequencer_Node.uexp" 420
"../../../Engine/Plugins/2D/Paper2D/Content/PlaceholderTextures/DummySpriteTexture.uasset" 421
"../../../Engine/Plugins/2D/Paper2D/Content/PlaceholderTextures/DummySpriteTexture.uexp" 422
"../../../Engine/Plugins/2D/Paper2D/Content/PlaceholderTextures/DummySpriteTexture.ubulk" 423
"../../../Engine/Plugins/2D/Paper2D/Content/DummySprite.uasset" 424
"../../../Engine/Plugins/2D/Paper2D/Content/DummySprite.uexp" 425
"../../../Engine/Plugins/2D/Paper2D/Content/DefaultPaperTerrainMaterial.uasset" 426
"../../../Engine/Plugins/2D/Paper2D/Content/DefaultPaperTerrainMaterial.uexp" 427
"../../../Engine/Plugins/2D/Paper2D/Content/DefaultSpriteMaterial.uasset" 428
"../../../Engine/Plugins/2D/Paper2D/Content/DefaultSpriteMaterial.uexp" 429
"../../../Engine/Plugins/2D/Paper2D/Content/MaskedUnlitSpriteMaterial.uasset" 430
"../../../Engine/Plugins/2D/Paper2D/Content/MaskedUnlitSpriteMaterial.uexp" 431
"../../../Engine/Plugins/2D/Paper2D/Content/OpaqueUnlitSpriteMaterial.uasset" 432
"../../../Engine/Plugins/2D/Paper2D/Content/OpaqueUnlitSpriteMaterial.uexp" 433
"../../../Engine/Content/Functions/Engine_MaterialFunctions02/Utility/BreakOutFloat3Components.uasset" 434
"../../../Engine/Content/Functions/Engine_MaterialFunctions02/Utility/BreakOutFloat3Components.uexp" 435
"../../../Engine/Content/Functions/Engine_MaterialFunctions02/Utility/VectorLength.uasset" 436
"../../../Engine/Content/Functions/Engine_MaterialFunctions02/Utility/VectorLength.uexp" 437
"../../../Engine/Content/Functions/Engine_MaterialFunctions02/WorldPositionOffset/ObjectScale.uasset" 438
"../../../Engine/Content/Functions/Engine_MaterialFunctions02/WorldPositionOffset/ObjectScale.uexp" 439
"../../../Engine/Content/Functions/Engine_MaterialFunctions02/ObjectLocalBounds.uasset" 440
"../../../Engine/Content/Functions/Engine_MaterialFunctions02/ObjectLocalBounds.uexp" 441
"../../../Engine/Plugins/Editor/SpeedTreeImporter/Content/SpeedTree9/UnpackInteger3.uasset" 442
"../../../Engine/Plugins/Editor/SpeedTreeImporter/Content/SpeedTree9/UnpackInteger3.uexp" 443
"../../../Engine/Plugins/Editor/SpeedTreeImporter/Content/SpeedTree9/UnpackDirection.uasset" 444
"../../../Engine/Plugins/Editor/SpeedTreeImporter/Content/SpeedTree9/UnpackDirection.uexp" 445
"../../../Engine/Plugins/Editor/SpeedTreeImporter/Content/SpeedTree9/game_wind_noise.uasset" 446
"../../../Engine/Plugins/Editor/SpeedTreeImporter/Content/SpeedTree9/game_wind_noise.uexp" 447
"../../../Engine/Plugins/Editor/SpeedTreeImporter/Content/SpeedTree9/game_wind_noise.ubulk" 448
"../../../Engine/Content/Functions/Engine_MaterialFunctions02/SafeNormalize.uasset" 449
"../../../Engine/Content/Functions/Engine_MaterialFunctions02/SafeNormalize.uexp" 450
"../../../Engine/Plugins/Editor/SpeedTreeImporter/Content/SpeedTree9/SpeedTreeWindMotion.uasset" 451
"../../../Engine/Plugins/Editor/SpeedTreeImporter/Content/SpeedTree9/SpeedTreeWindMotion.uexp" 452
"../../../Engine/Plugins/Editor/SpeedTreeImporter/Content/SpeedTree9/SpeedTreeBranchMotion.uasset" 453
"../../../Engine/Plugins/Editor/SpeedTreeImporter/Content/SpeedTree9/SpeedTreeBranchMotion.uexp" 454
"../../../Engine/Content/Functions/Engine_MaterialFunctions02/UVs/BoundingBoxBased_0-1_UVW.uasset" 455
"../../../Engine/Content/Functions/Engine_MaterialFunctions02/UVs/BoundingBoxBased_0-1_UVW.uexp" 456
"../../../Engine/Plugins/Editor/SpeedTreeImporter/Content/SpeedTree9/SpeedTreeWind.uasset" 457
"../../../Engine/Plugins/Editor/SpeedTreeImporter/Content/SpeedTree9/SpeedTreeWind.uexp" 458
"../../../Engine/Plugins/Editor/SpeedTreeImporter/Content/SpeedTree9/SpeedTreeBillboard.uasset" 459
"../../../Engine/Plugins/Editor/SpeedTreeImporter/Content/SpeedTree9/SpeedTreeBillboard.uexp" 460
"../../../Engine/Plugins/Editor/SpeedTreeImporter/Content/SpeedTree9/EmptyNormal.uasset" 461
"../../../Engine/Plugins/Editor/SpeedTreeImporter/Content/SpeedTree9/EmptyNormal.uexp" 462
"../../../Engine/Plugins/Editor/SpeedTreeImporter/Content/SpeedTree9/Empty.uasset" 463
"../../../Engine/Plugins/Editor/SpeedTreeImporter/Content/SpeedTree9/Empty.uexp" 464
"../../../Engine/Plugins/Editor/SpeedTreeImporter/Content/SpeedTree9/SpeedTreeBillboardMaster.uasset" 465
"../../../Engine/Plugins/Editor/SpeedTreeImporter/Content/SpeedTree9/SpeedTreeBillboardMaster.uexp" 466
"../../../Engine/Plugins/Editor/SpeedTreeImporter/Content/SpeedTree9/SpeedTreeCameraFacing.uasset" 467
"../../../Engine/Plugins/Editor/SpeedTreeImporter/Content/SpeedTree9/SpeedTreeCameraFacing.uexp" 468
"../../../Engine/Plugins/Editor/SpeedTreeImporter/Content/SpeedTree9/SpeedTreeMaster.uasset" 469
"../../../Engine/Plugins/Editor/SpeedTreeImporter/Content/SpeedTree9/SpeedTreeMaster.uexp" 470
"H:/Cretion Jeu/GJ/GGJARTFX2022/ItsTimeToRest/Content/StaticMehs/Wood_fire_WIP_01.uasset" 471
"H:/Cretion Jeu/GJ/GGJARTFX2022/ItsTimeToRest/Content/StaticMehs/Wood_fire_WIP_01.uexp" 472
"H:/Cretion Jeu/GJ/GGJARTFX2022/ItsTimeToRest/Content/StaticMehs/Well_high1.uasset" 473
"H:/Cretion Jeu/GJ/GGJARTFX2022/ItsTimeToRest/Content/StaticMehs/Well_high1.uexp" 474
"H:/Cretion Jeu/GJ/GGJARTFX2022/ItsTimeToRest/Content/StaticMehs/Well_low_WIP_04.uasset" 475
"H:/Cretion Jeu/GJ/GGJARTFX2022/ItsTimeToRest/Content/StaticMehs/Well_low_WIP_04.uexp" 476
"H:/Cretion Jeu/GJ/GGJARTFX2022/ItsTimeToRest/Content/StaticMehs/PM3D_Cylinder3D2.uasset" 477
"H:/Cretion Jeu/GJ/GGJARTFX2022/ItsTimeToRest/Content/StaticMehs/PM3D_Cylinder3D2.uexp" 478
"H:/Cretion Jeu/GJ/GGJARTFX2022/ItsTimeToRest/Content/StaticMehs/Trunk_low_WIP_01.uasset" 479
"H:/Cretion Jeu/GJ/GGJARTFX2022/ItsTimeToRest/Content/StaticMehs/Trunk_low_WIP_01.uexp" 480
"H:/Cretion Jeu/GJ/GGJARTFX2022/ItsTimeToRest/Content/StaticMehs/TreeStump_low_WIP_02.uasset" 481
"H:/Cretion Jeu/GJ/GGJARTFX2022/ItsTimeToRest/Content/StaticMehs/TreeStump_low_WIP_02.uexp" 482
"H:/Cretion Jeu/GJ/GGJARTFX2022/ItsTimeToRest/Content/StaticMehs/lambert1.uasset" 483
"H:/Cretion Jeu/GJ/GGJARTFX2022/ItsTimeToRest/Content/StaticMehs/lambert1.uexp" 484
"H:/Cretion Jeu/GJ/GGJARTFX2022/ItsTimeToRest/Content/StaticMehs/SleepingBag_low_WIP_01.uasset" 485
"H:/Cretion Jeu/GJ/GGJARTFX2022/ItsTimeToRest/Content/StaticMehs/SleepingBag_low_WIP_01.uexp" 486
"H:/Cretion Jeu/GJ/GGJARTFX2022/ItsTimeToRest/Content/StaticMehs/Rocks/PM3D_Cube3D2.uasset" 487
"H:/Cretion Jeu/GJ/GGJARTFX2022/ItsTimeToRest/Content/StaticMehs/Rocks/PM3D_Cube3D2.uexp" 488
"H:/Cretion Jeu/GJ/GGJARTFX2022/ItsTimeToRest/Content/StaticMehs/Rocks/Rock_04_low_WIP_01.uasset" 489
"H:/Cretion Jeu/GJ/GGJARTFX2022/ItsTimeToRest/Content/StaticMehs/Rocks/Rock_04_low_WIP_01.uexp" 490
"H:/Cretion Jeu/GJ/GGJARTFX2022/ItsTimeToRest/Content/StaticMehs/Rocks/Rock_03_low_WIP_01.uasset" 491
"H:/Cretion Jeu/GJ/GGJARTFX2022/ItsTimeToRest/Content/StaticMehs/Rocks/Rock_03_low_WIP_01.uexp" 492
"H:/Cretion Jeu/GJ/GGJARTFX2022/ItsTimeToRest/Content/StaticMehs/Rocks/Rock_02_WIP_01.uasset" 493
"H:/Cretion Jeu/GJ/GGJARTFX2022/ItsTimeToRest/Content/StaticMehs/Rocks/Rock_02_WIP_01.uexp" 494
"H:/Cretion Jeu/GJ/GGJARTFX2022/ItsTimeToRest/Content/StaticMehs/Rocks/Rock_01_WIP_01.uasset" 495
"H:/Cretion Jeu/GJ/GGJARTFX2022/ItsTimeToRest/Content/StaticMehs/Rocks/Rock_01_WIP_01.uexp" 496
"H:/Cretion Jeu/GJ/GGJARTFX2022/ItsTimeToRest/Content/StaticMehs/Planche_WIP_05.uasset" 497
"H:/Cretion Jeu/GJ/GGJARTFX2022/ItsTimeToRest/Content/StaticMehs/Planche_WIP_05.uexp" 498
"H:/Cretion Jeu/GJ/GGJARTFX2022/ItsTimeToRest/Content/StaticMehs/Nest_WIP_01.uasset" 499
"H:/Cretion Jeu/GJ/GGJARTFX2022/ItsTimeToRest/Content/StaticMehs/Nest_WIP_01.uexp" 500
"H:/Cretion Jeu/GJ/GGJARTFX2022/ItsTimeToRest/Content/StaticMehs/Louche_WIP_03.uasset" 501
"H:/Cretion Jeu/GJ/GGJARTFX2022/ItsTimeToRest/Content/StaticMehs/Louche_WIP_03.uexp" 502
"H:/Cretion Jeu/GJ/GGJARTFX2022/ItsTimeToRest/Content/StaticMehs/Hive_WIP_01.uasset" 503
"H:/Cretion Jeu/GJ/GGJARTFX2022/ItsTimeToRest/Content/StaticMehs/Hive_WIP_01.uexp" 504
"H:/Cretion Jeu/GJ/GGJARTFX2022/ItsTimeToRest/Content/StaticMehs/Cylinder_Brush_StaticMesh.uasset" 505
"H:/Cretion Jeu/GJ/GGJARTFX2022/ItsTimeToRest/Content/StaticMehs/Cylinder_Brush_StaticMesh.uexp" 506
"H:/Cretion Jeu/GJ/GGJARTFX2022/ItsTimeToRest/Content/StaticMehs/Couteau.uasset" 507
"H:/Cretion Jeu/GJ/GGJARTFX2022/ItsTimeToRest/Content/StaticMehs/Couteau.uexp" 508
"H:/Cretion Jeu/GJ/GGJARTFX2022/ItsTimeToRest/Content/StaticMehs/Cauldron_WIP_05.uasset" 509
"H:/Cretion Jeu/GJ/GGJARTFX2022/ItsTimeToRest/Content/StaticMehs/Cauldron_WIP_05.uexp" 510
"H:/Cretion Jeu/GJ/GGJARTFX2022/ItsTimeToRest/Content/SoundMusics/TimeToRestLoop.uasset" 511
"H:/Cretion Jeu/GJ/GGJARTFX2022/ItsTimeToRest/Content/SoundMusics/TimeToRestLoop.uexp" 512
"../../../Engine/Content/MapTemplates/SM_Template_Map_Floor.uasset" 513
"../../../Engine/Content/MapTemplates/SM_Template_Map_Floor.uexp" 514
"../../../Engine/Content/EngineSky/T_Sky_Stars.uasset" 515
"../../../Engine/Content/EngineSky/T_Sky_Stars.uexp" 516
"../../../Engine/Content/EngineSky/T_Sky_Stars.ubulk" 517
"../../../Engine/Content/EngineSky/T_Sky_Clouds_M.uasset" 518
"../../../Engine/Content/EngineSky/T_Sky_Clouds_M.uexp" 519
"../../../Engine/Content/EngineSky/T_Sky_Clouds_M.ubulk" 520
"../../../Engine/Content/EngineSky/T_Sky_Blue.uasset" 521
"../../../Engine/Content/EngineSky/T_Sky_Blue.uexp" 522
"../../../Engine/Content/EngineSky/T_Sky_Blue.ubulk" 523
"../../../Engine/Content/EngineSky/M_Sky_Panning_Clouds2.uasset" 524
"../../../Engine/Content/EngineSky/M_Sky_Panning_Clouds2.uexp" 525
"../../../Engine/Content/Functions/Engine_MaterialFunctions01/Shading/ConvertFromDiffSpec.uasset" 526
"../../../Engine/Content/Functions/Engine_MaterialFunctions01/Shading/ConvertFromDiffSpec.uexp" 527
"../../../Engine/Content/EditorMaterials/GridMaterial.uasset" 528
"../../../Engine/Content/EditorMaterials/GridMaterial.uexp" 529
"H:/Cretion Jeu/GJ/GGJARTFX2022/ItsTimeToRest/Content/Maps/MapTest1_BuiltData.uasset" 530
"H:/Cretion Jeu/GJ/GGJARTFX2022/ItsTimeToRest/Content/Maps/MapTest1_BuiltData.uexp" 531
"H:/Cretion Jeu/GJ/GGJARTFX2022/ItsTimeToRest/Content/Maps/MapTest1_BuiltData.ubulk" 532
"H:/Cretion Jeu/GJ/GGJARTFX2022/ItsTimeToRest/Content/StaticMehs/Seau_WIP_01.uasset" 533
"H:/Cretion Jeu/GJ/GGJARTFX2022/ItsTimeToRest/Content/StaticMehs/Seau_WIP_01.uexp" 534
"H:/Cretion Jeu/GJ/GGJARTFX2022/ItsTimeToRest/Content/Ressources/Nourritures/BP_Seau.uasset" 535
"H:/Cretion Jeu/GJ/GGJARTFX2022/ItsTimeToRest/Content/Ressources/Nourritures/BP_Seau.uexp" 536
"H:/Cretion Jeu/GJ/GGJARTFX2022/ItsTimeToRest/Content/StaticMehs/Fish_WIP_05.uasset" 537
"H:/Cretion Jeu/GJ/GGJARTFX2022/ItsTimeToRest/Content/StaticMehs/Fish_WIP_05.uexp" 538
"H:/Cretion Jeu/GJ/GGJARTFX2022/ItsTimeToRest/Content/StaticMehs/CutFish_WIP_02.uasset" 539
"H:/Cretion Jeu/GJ/GGJARTFX2022/ItsTimeToRest/Content/StaticMehs/CutFish_WIP_02.uexp" 540
"H:/Cretion Jeu/GJ/GGJARTFX2022/ItsTimeToRest/Content/Ressources/Nourritures/BP_Poisson.uasset" 541
"H:/Cretion Jeu/GJ/GGJARTFX2022/ItsTimeToRest/Content/Ressources/Nourritures/BP_Poisson.uexp" 542
"H:/Cretion Jeu/GJ/GGJARTFX2022/ItsTimeToRest/Content/StaticMehs/CutPotato_WIP_02.uasset" 543
"H:/Cretion Jeu/GJ/GGJARTFX2022/ItsTimeToRest/Content/StaticMehs/CutPotato_WIP_02.uexp" 544
"H:/Cretion Jeu/GJ/GGJARTFX2022/ItsTimeToRest/Content/StaticMehs/Potato_WIP_01.uasset" 545
"H:/Cretion Jeu/GJ/GGJARTFX2022/ItsTimeToRest/Content/StaticMehs/Potato_WIP_01.uexp" 546
"H:/Cretion Jeu/GJ/GGJARTFX2022/ItsTimeToRest/Content/Ressources/Nourritures/BP_Patate.uasset" 547
"H:/Cretion Jeu/GJ/GGJARTFX2022/ItsTimeToRest/Content/Ressources/Nourritures/BP_Patate.uexp" 548
"H:/Cretion Jeu/GJ/GGJARTFX2022/ItsTimeToRest/Content/StaticMehs/AcornFlour_WIP_02.uasset" 549
"H:/Cretion Jeu/GJ/GGJARTFX2022/ItsTimeToRest/Content/StaticMehs/AcornFlour_WIP_02.uexp" 550
"H:/Cretion Jeu/GJ/GGJARTFX2022/ItsTimeToRest/Content/StaticMehs/Acorn_WIP_03.uasset" 551
"H:/Cretion Jeu/GJ/GGJARTFX2022/ItsTimeToRest/Content/StaticMehs/Acorn_WIP_03.uexp" 552
"H:/Cretion Jeu/GJ/GGJARTFX2022/ItsTimeToRest/Content/Ressources/Nourritures/BP_Gland.uasset" 553
"H:/Cretion Jeu/GJ/GGJARTFX2022/ItsTimeToRest/Content/Ressources/Nourritures/BP_Gland.uexp" 554
"H:/Cretion Jeu/GJ/GGJARTFX2022/ItsTimeToRest/Content/StaticMehs/CutBerry_WIP_02.uasset" 555
"H:/Cretion Jeu/GJ/GGJARTFX2022/ItsTimeToRest/Content/StaticMehs/CutBerry_WIP_02.uexp" 556
"H:/Cretion Jeu/GJ/GGJARTFX2022/ItsTimeToRest/Content/StaticMehs/Berry_WIP_02.uasset" 557
"H:/Cretion Jeu/GJ/GGJARTFX2022/ItsTimeToRest/Content/StaticMehs/Berry_WIP_02.uexp" 558
"H:/Cretion Jeu/GJ/GGJARTFX2022/ItsTimeToRest/Content/Ressources/Nourritures/BP_Fraise.uasset" 559
"H:/Cretion Jeu/GJ/GGJARTFX2022/ItsTimeToRest/Content/Ressources/Nourritures/BP_Fraise.uexp" 560
"H:/Cretion Jeu/GJ/GGJARTFX2022/ItsTimeToRest/Content/StaticMehs/FriedEgg_WIP_01.uasset" 561
"H:/Cretion Jeu/GJ/GGJARTFX2022/ItsTimeToRest/Content/StaticMehs/FriedEgg_WIP_01.uexp" 562
"H:/Cretion Jeu/GJ/GGJARTFX2022/ItsTimeToRest/Content/StaticMehs/Egg_WIP_01.uasset" 563
"H:/Cretion Jeu/GJ/GGJARTFX2022/ItsTimeToRest/Content/StaticMehs/Egg_WIP_01.uexp" 564
"H:/Cretion Jeu/GJ/GGJARTFX2022/ItsTimeToRest/Content/Ressources/Nourritures/BP_Egg.uasset" 565
"H:/Cretion Jeu/GJ/GGJARTFX2022/ItsTimeToRest/Content/Ressources/Nourritures/BP_Egg.uexp" 566
"H:/Cretion Jeu/GJ/GGJARTFX2022/ItsTimeToRest/Content/Ressources/Nourritures/BP_Champi.uasset" 567
"H:/Cretion Jeu/GJ/GGJARTFX2022/ItsTimeToRest/Content/Ressources/Nourritures/BP_Champi.uexp" 568
"H:/Cretion Jeu/GJ/GGJARTFX2022/ItsTimeToRest/Content/Ressources/Str_FoodInfo.uasset" 569
"H:/Cretion Jeu/GJ/GGJARTFX2022/ItsTimeToRest/Content/Ressources/Str_FoodInfo.uexp" 570
"H:/Cretion Jeu/GJ/GGJARTFX2022/ItsTimeToRest/Content/StaticMehs/bol_WIP_03.uasset" 571
"H:/Cretion Jeu/GJ/GGJARTFX2022/ItsTimeToRest/Content/StaticMehs/bol_WIP_03.uexp" 572
"H:/Cretion Jeu/GJ/GGJARTFX2022/ItsTimeToRest/Content/GPE/BP_Bol.uasset" 573
"H:/Cretion Jeu/GJ/GGJARTFX2022/ItsTimeToRest/Content/GPE/BP_Bol.uexp" 574
"../../../Engine/Content/EngineSky/SM_SkySphere.uasset" 575
"../../../Engine/Content/EngineSky/SM_SkySphere.uexp" 576
"../../../Engine/Content/EngineSky/C_Sky_Zenith_Color.uasset" 577
"../../../Engine/Content/EngineSky/C_Sky_Zenith_Color.uexp" 578
"../../../Engine/Content/EngineSky/C_Sky_Horizon_Color.uasset" 579
"../../../Engine/Content/EngineSky/C_Sky_Horizon_Color.uexp" 580
"../../../Engine/Content/EngineSky/C_Sky_Cloud_Color.uasset" 581
"../../../Engine/Content/EngineSky/C_Sky_Cloud_Color.uexp" 582
"../../../Engine/Content/EngineSky/BP_Sky_Sphere.uasset" 583
"../../../Engine/Content/EngineSky/BP_Sky_Sphere.uexp" 584
"../../../Engine/Content/Functions/Engine_MaterialFunctions02/SampleSceneDepth.uasset" 585
"../../../Engine/Content/Functions/Engine_MaterialFunctions02/SampleSceneDepth.uexp" 586
"../../../Engine/Content/Functions/Engine_MaterialFunctions01/ImageAdjustment/BlurSampleOffsets.uasset" 587
"../../../Engine/Content/Functions/Engine_MaterialFunctions01/ImageAdjustment/BlurSampleOffsets.uexp" 588
"H:/Cretion Jeu/GJ/GGJARTFX2022/ItsTimeToRest/Content/Materials/M_Post.uasset" 589
"H:/Cretion Jeu/GJ/GGJARTFX2022/ItsTimeToRest/Content/Materials/M_Post.uexp" 590
"H:/Cretion Jeu/GJ/GGJARTFX2022/ItsTimeToRest/Content/Materials/M_PostProcess_Test.uasset" 591
"H:/Cretion Jeu/GJ/GGJARTFX2022/ItsTimeToRest/Content/Materials/M_PostProcess_Test.uexp" 592
"../../../Engine/Content/BasicShapes/BasicShapeMaterial.uasset" 593
"../../../Engine/Content/BasicShapes/BasicShapeMaterial.uexp" 594
"H:/Cretion Jeu/GJ/GGJARTFX2022/ItsTimeToRest/Content/GPE/BP_P_Transformateurs.uasset" 595
"H:/Cretion Jeu/GJ/GGJARTFX2022/ItsTimeToRest/Content/GPE/BP_P_Transformateurs.uexp" 596
"H:/Cretion Jeu/GJ/GGJARTFX2022/ItsTimeToRest/Content/StaticMehs/Autel_WIP_01.uasset" 597
"H:/Cretion Jeu/GJ/GGJARTFX2022/ItsTimeToRest/Content/StaticMehs/Autel_WIP_01.uexp" 598
"H:/Cretion Jeu/GJ/GGJARTFX2022/ItsTimeToRest/Content/SoundMusics/Bruitages/Rot.uasset" 599
"H:/Cretion Jeu/GJ/GGJARTFX2022/ItsTimeToRest/Content/SoundMusics/Bruitages/Rot.uexp" 600
"H:/Cretion Jeu/GJ/GGJARTFX2022/ItsTimeToRest/Content/GPE/Enum_Appreciation.uasset" 601
"H:/Cretion Jeu/GJ/GGJARTFX2022/ItsTimeToRest/Content/GPE/Enum_Appreciation.uexp" 602
"H:/Cretion Jeu/GJ/GGJARTFX2022/ItsTimeToRest/Content/GPE/Str_Recette.uasset" 603
"H:/Cretion Jeu/GJ/GGJARTFX2022/ItsTimeToRest/Content/GPE/Str_Recette.uexp" 604
"H:/Cretion Jeu/GJ/GGJARTFX2022/ItsTimeToRest/Content/StaticMehs/Autel/Textures/Autel_Roughness.uasset" 605
"H:/Cretion Jeu/GJ/GGJARTFX2022/ItsTimeToRest/Content/StaticMehs/Autel/Textures/Autel_Roughness.uexp" 606
"H:/Cretion Jeu/GJ/GGJARTFX2022/ItsTimeToRest/Content/StaticMehs/Autel/Textures/Autel_Roughness.ubulk" 607
"H:/Cretion Jeu/GJ/GGJARTFX2022/ItsTimeToRest/Content/StaticMehs/Autel/Textures/Autel_Normal_OpenGL.uasset" 608
"H:/Cretion Jeu/GJ/GGJARTFX2022/ItsTimeToRest/Content/StaticMehs/Autel/Textures/Autel_Normal_OpenGL.uexp" 609
"H:/Cretion Jeu/GJ/GGJARTFX2022/ItsTimeToRest/Content/StaticMehs/Autel/Textures/Autel_Normal_OpenGL.ubulk" 610
"H:/Cretion Jeu/GJ/GGJARTFX2022/ItsTimeToRest/Content/StaticMehs/Autel/Textures/Autel_Normal.uasset" 611
"H:/Cretion Jeu/GJ/GGJARTFX2022/ItsTimeToRest/Content/StaticMehs/Autel/Textures/Autel_Normal.uexp" 612
"H:/Cretion Jeu/GJ/GGJARTFX2022/ItsTimeToRest/Content/StaticMehs/Autel/Textures/Autel_Normal.ubulk" 613
"H:/Cretion Jeu/GJ/GGJARTFX2022/ItsTimeToRest/Content/StaticMehs/Autel/Textures/Autel_Mixed_AO.uasset" 614
"H:/Cretion Jeu/GJ/GGJARTFX2022/ItsTimeToRest/Content/StaticMehs/Autel/Textures/Autel_Mixed_AO.uexp" 615
"H:/Cretion Jeu/GJ/GGJARTFX2022/ItsTimeToRest/Content/StaticMehs/Autel/Textures/Autel_Mixed_AO.ubulk" 616
"H:/Cretion Jeu/GJ/GGJARTFX2022/ItsTimeToRest/Content/StaticMehs/Autel/Textures/Autel_Metallic.uasset" 617
"H:/Cretion Jeu/GJ/GGJARTFX2022/ItsTimeToRest/Content/StaticMehs/Autel/Textures/Autel_Metallic.uexp" 618
"H:/Cretion Jeu/GJ/GGJARTFX2022/ItsTimeToRest/Content/StaticMehs/Autel/Textures/Autel_Metallic.ubulk" 619
"H:/Cretion Jeu/GJ/GGJARTFX2022/ItsTimeToRest/Content/StaticMehs/Autel/Textures/Autel_Height.uasset" 620
"H:/Cretion Jeu/GJ/GGJARTFX2022/ItsTimeToRest/Content/StaticMehs/Autel/Textures/Autel_Height.uexp" 621
"H:/Cretion Jeu/GJ/GGJARTFX2022/ItsTimeToRest/Content/StaticMehs/Autel/Textures/Autel_Height.ubulk" 622
"H:/Cretion Jeu/GJ/GGJARTFX2022/ItsTimeToRest/Content/StaticMehs/Autel/Textures/Autel_albedo.uasset" 623
"H:/Cretion Jeu/GJ/GGJARTFX2022/ItsTimeToRest/Content/StaticMehs/Autel/Textures/Autel_albedo.uexp" 624
"H:/Cretion Jeu/GJ/GGJARTFX2022/ItsTimeToRest/Content/StaticMehs/Autel/Textures/Autel_albedo.ubulk" 625
"H:/Cretion Jeu/GJ/GGJARTFX2022/ItsTimeToRest/Content/StaticMehs/Autel/Textures/Mat_Autel.uasset" 626
"H:/Cretion Jeu/GJ/GGJARTFX2022/ItsTimeToRest/Content/StaticMehs/Autel/Textures/Mat_Autel.uexp" 627
"H:/Cretion Jeu/GJ/GGJARTFX2022/ItsTimeToRest/Content/Ressources/DT_Recettes.uasset" 628
"H:/Cretion Jeu/GJ/GGJARTFX2022/ItsTimeToRest/Content/Ressources/DT_Recettes.uexp" 629
"H:/Cretion Jeu/GJ/GGJARTFX2022/ItsTimeToRest/Content/GPE/BP_Hotel.uasset" 630
"H:/Cretion Jeu/GJ/GGJARTFX2022/ItsTimeToRest/Content/GPE/BP_Hotel.uexp" 631
"H:/Cretion Jeu/GJ/GGJARTFX2022/ItsTimeToRest/Content/StaticMehs/Canapeche_WIP_03.uasset" 632
"H:/Cretion Jeu/GJ/GGJARTFX2022/ItsTimeToRest/Content/StaticMehs/Canapeche_WIP_03.uexp" 633
"H:/Cretion Jeu/GJ/GGJARTFX2022/ItsTimeToRest/Content/GPE/BP_CanneAPeche.uasset" 634
"H:/Cretion Jeu/GJ/GGJARTFX2022/ItsTimeToRest/Content/GPE/BP_CanneAPeche.uexp" 635
"H:/Cretion Jeu/GJ/GGJARTFX2022/ItsTimeToRest/Content/Maps/MapTest1.uexp" 636
"H:/Cretion Jeu/GJ/GGJARTFX2022/ItsTimeToRest/Content/Maps/MapTest1.umap" 637
"H:/Cretion Jeu/GJ/GGJARTFX2022/ItsTimeToRest/Content/StaticMehs/CutPotato_WIP_01.uasset" 638
"H:/Cretion Jeu/GJ/GGJARTFX2022/ItsTimeToRest/Content/StaticMehs/CutPotato_WIP_01.uexp" 639
"H:/Cretion Jeu/GJ/GGJARTFX2022/ItsTimeToRest/Content/Materials/M_Post_Inst.uasset" 640
"H:/Cretion Jeu/GJ/GGJARTFX2022/ItsTimeToRest/Content/Materials/M_Post_Inst.uexp" 641
"../../../Engine/Content/EditorMaterials/Cascade/CASC_Normal.uasset" 642
"../../../Engine/Content/EditorMaterials/Cascade/CASC_Normal.uexp" 643
"../../../Engine/Content/EditorMaterials/Cascade/CASC_RenderNormal_MAT.uasset" 644
"../../../Engine/Content/EditorMaterials/Cascade/CASC_RenderNormal_MAT.uexp" 645
"H:/Cretion Jeu/GJ/GGJARTFX2022/ItsTimeToRest/Content/StaticMehs/Cauldron_BoxCollider_WIP_01.uasset" 646
"H:/Cretion Jeu/GJ/GGJARTFX2022/ItsTimeToRest/Content/StaticMehs/Cauldron_BoxCollider_WIP_01.uexp" 647
"H:/Cretion Jeu/GJ/GGJARTFX2022/ItsTimeToRest/Content/StaticMehs/Cauldron_WIP_03.uasset" 648
"H:/Cretion Jeu/GJ/GGJARTFX2022/ItsTimeToRest/Content/StaticMehs/Cauldron_WIP_03.uexp" 649
"H:/Cretion Jeu/GJ/GGJARTFX2022/ItsTimeToRest/Content/Maps/Outline.uexp" 650
"H:/Cretion Jeu/GJ/GGJARTFX2022/ItsTimeToRest/Content/Maps/Outline.umap" 651
"H:/Cretion Jeu/GJ/GGJARTFX2022/ItsTimeToRest/Content/Maps/ShaderMap_BuiltData.uasset" 652
"H:/Cretion Jeu/GJ/GGJARTFX2022/ItsTimeToRest/Content/Maps/ShaderMap_BuiltData.uexp" 653
"H:/Cretion Jeu/GJ/GGJARTFX2022/ItsTimeToRest/Content/Maps/ShaderMap_BuiltData.ubulk" 654
"H:/Cretion Jeu/GJ/GGJARTFX2022/ItsTimeToRest/Content/Maps/ShaderMap.uexp" 655
"H:/Cretion Jeu/GJ/GGJARTFX2022/ItsTimeToRest/Content/Maps/ShaderMap.umap" 656
"../../../Engine/Content/Maps/Entry_BuiltData.uasset" 657
"../../../Engine/Content/Maps/Entry_BuiltData.uexp" 658
"../../../Engine/Content/Maps/Entry.uexp" 659
"../../../Engine/Content/Maps/Entry.umap" 660
